<?xml version="1.0" encoding="UTF-8"?>
<!-- Generated by org.testng.reporters.JUnitReportReporter -->
<testsuite skipped="0" hostname="ML-HP" name="test.S01_Login" tests="3" failures="0" timestamp="26 aug 2019 15:18:18 GMT" time="18.129" errors="0">
  <testcase name="S01_01_SuccessfulLogin" time="5.257" classname="test.S01_Login"/>
  <testcase name="S01_02_InvalidUsername" time="5.227" classname="test.S01_Login"/>
  <testcase name="S01_03_InvalidPassword" time="7.645" classname="test.S01_Login"/>
</testsuite> <!-- test.S01_Login -->
